<?xml version="1.0" encoding="UTF-8"?>
<testng-results skipped="0" failed="2" ignored="0" total="2" passed="0">
  <reporter-output>
    <line>
      <![CDATA[Driver is created. Browser is firefox. Browser Version is 96.0.3]]>
    </line>
    <line>
      <![CDATA[Chrome Browser is launching]]>
    </line>
    <line>
      <![CDATA[Driver is created. Browser is chrome. Browser Version is 97.0.4692.99]]>
    </line>
  </reporter-output>
  <suite name="Test Suite" duration-ms="17900" started-at="2022-02-01T18:30:13 EST" finished-at="2022-02-01T18:30:31 EST">
    <groups>
    </groups>
    <test name="FirefoxBasicInfoTestScript" duration-ms="12466" started-at="2022-02-01T18:30:13 EST" finished-at="2022-02-01T18:30:26 EST">
      <class name="careers.FirefoxCreateAccountTestScript">
        <test-method status="PASS" signature="initilaizeDriver(java.lang.String)[pri:0, instance:careers.FirefoxCreateAccountTestScript@411f53a0]" name="initilaizeDriver" is-config="true" duration-ms="6117" started-at="2022-02-01T18:30:13 EST" finished-at="2022-02-01T18:30:19 EST">
          <params>
            <param index="0">
              <value>
                <![CDATA[firefox]]>
              </value>
            </param>
          </params>
          <reporter-output>
            <line>
              <![CDATA[Driver is created. Browser is firefox. Browser Version is 96.0.3]]>
            </line>
          </reporter-output>
        </test-method> <!-- initilaizeDriver -->
        <test-method status="FAIL" signature="verifyBasicInfoScreen()[pri:0, instance:careers.FirefoxCreateAccountTestScript@411f53a0]" name="verifyBasicInfoScreen" duration-ms="5025" started-at="2022-02-01T18:30:19 EST" finished-at="2022-02-01T18:30:24 EST">
          <exception class="java.lang.AssertionError">
            <message>
              <![CDATA[expected [false] but found [true]]]>
            </message>
            <full-stacktrace>
              <![CDATA[java.lang.AssertionError: expected [false] but found [true]
at org.testng.Assert.fail(Assert.java:110)
at org.testng.Assert.failNotEquals(Assert.java:1413)
at org.testng.Assert.assertFalse(Assert.java:78)
at org.testng.Assert.assertFalse(Assert.java:88)
at careers.pages.BasicInfoPage.enterBasicInfo(BasicInfoPage.java:86)
at careers.FirefoxCreateAccountTestScript.verifyBasicInfoScreen(FirefoxBasicInfoTestScript.java:37)
at sun.reflect.NativeMethodAccessorImpl.invoke0(Native Method)
at sun.reflect.NativeMethodAccessorImpl.invoke(NativeMethodAccessorImpl.java:62)
at sun.reflect.DelegatingMethodAccessorImpl.invoke(DelegatingMethodAccessorImpl.java:43)
at java.lang.reflect.Method.invoke(Method.java:498)
at org.testng.internal.invokers.MethodInvocationHelper.invokeMethod(MethodInvocationHelper.java:135)
at org.testng.internal.invokers.TestInvoker.invokeMethod(TestInvoker.java:673)
at org.testng.internal.invokers.TestInvoker.invokeTestMethod(TestInvoker.java:220)
at org.testng.internal.invokers.MethodRunner.runInSequence(MethodRunner.java:50)
at org.testng.internal.invokers.TestInvoker$MethodInvocationAgent.invoke(TestInvoker.java:945)
at org.testng.internal.invokers.TestInvoker.invokeTestMethods(TestInvoker.java:193)
at org.testng.internal.invokers.TestMethodWorker.invokeTestMethods(TestMethodWorker.java:146)
at org.testng.internal.invokers.TestMethodWorker.run(TestMethodWorker.java:128)
at java.util.ArrayList.forEach(ArrayList.java:1259)
at org.testng.TestRunner.privateRun(TestRunner.java:808)
at org.testng.TestRunner.run(TestRunner.java:603)
at org.testng.SuiteRunner.runTest(SuiteRunner.java:429)
at org.testng.SuiteRunner.runSequentially(SuiteRunner.java:423)
at org.testng.SuiteRunner.privateRun(SuiteRunner.java:383)
at org.testng.SuiteRunner.run(SuiteRunner.java:326)
at org.testng.SuiteRunnerWorker.runSuite(SuiteRunnerWorker.java:52)
at org.testng.SuiteRunnerWorker.run(SuiteRunnerWorker.java:95)
at org.testng.TestNG.runSuitesSequentially(TestNG.java:1249)
at org.testng.TestNG.runSuitesLocally(TestNG.java:1169)
at org.testng.TestNG.runSuites(TestNG.java:1092)
at org.testng.TestNG.run(TestNG.java:1060)
at com.intellij.rt.testng.IDEARemoteTestNG.run(IDEARemoteTestNG.java:66)
at com.intellij.rt.testng.RemoteTestNGStarter.main(RemoteTestNGStarter.java:109)
]]>
            </full-stacktrace>
          </exception> <!-- java.lang.AssertionError -->
          <reporter-output>
          </reporter-output>
        </test-method> <!-- verifyBasicInfoScreen -->
        <test-method status="PASS" signature="afterMethod()[pri:0, instance:careers.FirefoxCreateAccountTestScript@411f53a0]" name="afterMethod" is-config="true" duration-ms="1297" started-at="2022-02-01T18:30:24 EST" finished-at="2022-02-01T18:30:26 EST">
          <reporter-output>
          </reporter-output>
        </test-method> <!-- afterMethod -->
      </class> <!-- careers.FirefoxCreateAccountTestScript -->
    </test> <!-- FirefoxBasicInfoTestScript -->
    <test name="ChromeBasicInfoTestScript" duration-ms="5401" started-at="2022-02-01T18:30:26 EST" finished-at="2022-02-01T18:30:31 EST">
      <class name="careers.ChromeCreateAccountTestScript">
        <test-method status="PASS" signature="beforeSuite(org.testng.ITestContext)[pri:0, instance:careers.ChromeCreateAccountTestScript@dd05255]" name="beforeSuite" is-config="true" duration-ms="113" started-at="2022-02-01T18:30:13 EST" finished-at="2022-02-01T18:30:13 EST">
          <params>
            <param index="0">
              <value>
                <![CDATA[org.testng.TestRunner@f4cfd90]]>
              </value>
            </param>
          </params>
          <reporter-output>
          </reporter-output>
        </test-method> <!-- beforeSuite -->
        <test-method status="PASS" signature="initilaizeDriver(java.lang.String)[pri:0, instance:careers.ChromeCreateAccountTestScript@dd05255]" name="initilaizeDriver" is-config="true" duration-ms="4694" started-at="2022-02-01T18:30:26 EST" finished-at="2022-02-01T18:30:30 EST">
          <params>
            <param index="0">
              <value>
                <![CDATA[chrome]]>
              </value>
            </param>
          </params>
          <reporter-output>
            <line>
              <![CDATA[Chrome Browser is launching]]>
            </line>
            <line>
              <![CDATA[Driver is created. Browser is chrome. Browser Version is 97.0.4692.99]]>
            </line>
          </reporter-output>
        </test-method> <!-- initilaizeDriver -->
        <test-method status="FAIL" signature="verifyBasicInfoScreen()[pri:0, instance:careers.ChromeCreateAccountTestScript@dd05255]" name="verifyBasicInfoScreen" duration-ms="0" started-at="2022-02-01T18:30:30 EST" finished-at="2022-02-01T18:30:30 EST">
          <exception class="java.lang.NullPointerException">
            <full-stacktrace>
              <![CDATA[java.lang.NullPointerException
at careers.pages.CreateAccountPage.createNewUser(CreateAccountPage.java:38)
at careers.ChromeCreateAccountTestScript.verifyBasicInfoScreen(ChromeBasicInfoTestScript.java:30)
at sun.reflect.NativeMethodAccessorImpl.invoke0(Native Method)
at sun.reflect.NativeMethodAccessorImpl.invoke(NativeMethodAccessorImpl.java:62)
at sun.reflect.DelegatingMethodAccessorImpl.invoke(DelegatingMethodAccessorImpl.java:43)
at java.lang.reflect.Method.invoke(Method.java:498)
at org.testng.internal.invokers.MethodInvocationHelper.invokeMethod(MethodInvocationHelper.java:135)
at org.testng.internal.invokers.TestInvoker.invokeMethod(TestInvoker.java:673)
at org.testng.internal.invokers.TestInvoker.invokeTestMethod(TestInvoker.java:220)
at org.testng.internal.invokers.MethodRunner.runInSequence(MethodRunner.java:50)
at org.testng.internal.invokers.TestInvoker$MethodInvocationAgent.invoke(TestInvoker.java:945)
at org.testng.internal.invokers.TestInvoker.invokeTestMethods(TestInvoker.java:193)
at org.testng.internal.invokers.TestMethodWorker.invokeTestMethods(TestMethodWorker.java:146)
at org.testng.internal.invokers.TestMethodWorker.run(TestMethodWorker.java:128)
at java.util.ArrayList.forEach(ArrayList.java:1259)
at org.testng.TestRunner.privateRun(TestRunner.java:808)
at org.testng.TestRunner.run(TestRunner.java:603)
at org.testng.SuiteRunner.runTest(SuiteRunner.java:429)
at org.testng.SuiteRunner.runSequentially(SuiteRunner.java:423)
at org.testng.SuiteRunner.privateRun(SuiteRunner.java:383)
at org.testng.SuiteRunner.run(SuiteRunner.java:326)
at org.testng.SuiteRunnerWorker.runSuite(SuiteRunnerWorker.java:52)
at org.testng.SuiteRunnerWorker.run(SuiteRunnerWorker.java:95)
at org.testng.TestNG.runSuitesSequentially(TestNG.java:1249)
at org.testng.TestNG.runSuitesLocally(TestNG.java:1169)
at org.testng.TestNG.runSuites(TestNG.java:1092)
at org.testng.TestNG.run(TestNG.java:1060)
at com.intellij.rt.testng.IDEARemoteTestNG.run(IDEARemoteTestNG.java:66)
at com.intellij.rt.testng.RemoteTestNGStarter.main(RemoteTestNGStarter.java:109)
]]>
            </full-stacktrace>
          </exception> <!-- java.lang.NullPointerException -->
          <reporter-output>
          </reporter-output>
        </test-method> <!-- verifyBasicInfoScreen -->
        <test-method status="PASS" signature="afterMethod()[pri:0, instance:careers.ChromeCreateAccountTestScript@dd05255]" name="afterMethod" is-config="true" duration-ms="703" started-at="2022-02-01T18:30:30 EST" finished-at="2022-02-01T18:30:31 EST">
          <reporter-output>
          </reporter-output>
        </test-method> <!-- afterMethod -->
      </class> <!-- careers.ChromeCreateAccountTestScript -->
    </test> <!-- ChromeBasicInfoTestScript -->
  </suite> <!-- Test Suite -->
</testng-results>
